# JRE version: OpenJDK Runtime Environment (17.0.6) (build 17.0.6+0-b2043.56-10027231)
# Java VM: OpenJDK 64-Bit Server VM (17.0.6+0-b2043.56-10027231, mixed mode, tiered, compressed oops, compressed class ptrs, g1 gc, windows-amd64)
GC Precious Log:
 CPUs: 4 total, 4 available
 Memory: 8124M
 Large Page Support: Disabled
 NUMA Support: Disabled
 Compressed Oops: Enabled (32-bit)
 Heap Region Size: 1M
 Heap Min Capacity: 8M
 Heap Initial Capacity: 128M
 Heap Max Capacity: 2G
 Pre-touch: Disabled
 Parallel Workers: 4
 Concurrent Workers: 1
 Concurrent Refinement Workers: 4
 Periodic GC: Disabled
Heap:
 garbage-first heap   total 295936K, used 175470K [0x0000000080000000, 0x0000000100000000)
  region size 1024K, 7 young (7168K), 5 survivors (5120K)
 Metaspace       used 93913K, committed 94656K, reserved 1130496K
  class space    used 12791K, committed 13120K, reserved 1048576K
GC Heap History (20 events):
Event: 203.850 GC heap before
{Heap before GC invocations=64 (full 0):
 garbage-first heap   total 250880K, used 204800K [0x0000000080000000, 0x0000000100000000)
  region size 1024K, 47 young (48128K), 2 survivors (2048K)
 Metaspace       used 93802K, committed 94528K, reserved 1130496K
  class space    used 12786K, committed 13120K, reserved 1048576K
}
Event: 203.875 GC heap after
{Heap after GC invocations=65 (full 0):
 garbage-first heap   total 250880K, used 172032K [0x0000000080000000, 0x0000000100000000)
  region size 1024K, 6 young (6144K), 6 survivors (6144K)
 Metaspace       used 93802K, committed 94528K, reserved 1130496K
  class space    used 12786K, committed 13120K, reserved 1048576K
}
Event: 215.646 GC heap before
{Heap before GC invocations=66 (full 0):
 garbage-first heap   total 283648K, used 198656K [0x0000000080000000, 0x0000000100000000)
  region size 1024K, 37 young (37888K), 6 survivors (6144K)
 Metaspace       used 93812K, committed 94592K, reserved 1130496K
  class space    used 12788K, committed 13120K, reserved 1048576K
}
Event: 215.666 GC heap after
{Heap after GC invocations=67 (full 0):
 garbage-first heap   total 283648K, used 170830K [0x0000000080000000, 0x0000000100000000)
  region size 1024K, 4 young (4096K), 4 survivors (4096K)
 Metaspace       used 93812K, committed 94592K, reserved 1130496K
  class space    used 12788K, committed 13120K, reserved 1048576K
}
Event: 219.100 GC heap before
{Heap before GC invocations=67 (full 0):
 garbage-first heap   total 283648K, used 180046K [0x0000000080000000, 0x0000000100000000)
  region size 1024K, 13 young (13312K), 4 survivors (4096K)
 Metaspace       used 93816K, committed 94592K, reserved 1130496K
  class space    used 12788K, committed 13120K, reserved 1048576K
}
Event: 219.131 GC heap after
{Heap after GC invocations=68 (full 0):
 garbage-first heap   total 283648K, used 169509K [0x0000000080000000, 0x0000000100000000)
  region size 1024K, 2 young (2048K), 2 survivors (2048K)
 Metaspace       used 93816K, committed 94592K, reserved 1130496K
  class space    used 12788K, committed 13120K, reserved 1048576K
}
Event: 236.958 GC heap before
{Heap before GC invocations=68 (full 0):
 garbage-first heap   total 283648K, used 221733K [0x0000000080000000, 0x0000000100000000)
  region size 1024K, 53 young (54272K), 2 survivors (2048K)
 Metaspace       used 93826K, committed 94592K, reserved 1130496K
  class space    used 12788K, committed 13120K, reserved 1048576K
}
Event: 236.976 GC heap after
{Heap after GC invocations=69 (full 0):
 garbage-first heap   total 283648K, used 171393K [0x0000000080000000, 0x0000000100000000)
  region size 1024K, 4 young (4096K), 4 survivors (4096K)
 Metaspace       used 93826K, committed 94592K, reserved 1130496K
  class space    used 12788K, committed 13120K, reserved 1048576K
}
Event: 258.632 GC heap before
{Heap before GC invocations=70 (full 0):
 garbage-first heap   total 286720K, used 232284K [0x0000000080000000, 0x0000000100000000)
  region size 1024K, 64 young (65536K), 4 survivors (4096K)
 Metaspace       used 93838K, committed 94592K, reserved 1130496K
  class space    used 12790K, committed 13120K, reserved 1048576K
}
Event: 258.641 GC heap after
{Heap after GC invocations=71 (full 0):
 garbage-first heap   total 286720K, used 172366K [0x0000000080000000, 0x0000000100000000)
  region size 1024K, 6 young (6144K), 6 survivors (6144K)
 Metaspace       used 93838K, committed 94592K, reserved 1130496K
  class space    used 12790K, committed 13120K, reserved 1048576K
}
Event: 261.512 GC heap before
{Heap before GC invocations=71 (full 0):
 garbage-first heap   total 286720K, used 179534K [0x0000000080000000, 0x0000000100000000)
  region size 1024K, 14 young (14336K), 6 survivors (6144K)
 Metaspace       used 93838K, committed 94592K, reserved 1130496K
  class space    used 12790K, committed 13120K, reserved 1048576K
}
Event: 261.521 GC heap after
{Heap after GC invocations=72 (full 0):
 garbage-first heap   total 286720K, used 171575K [0x0000000080000000, 0x0000000100000000)
  region size 1024K, 2 young (2048K), 2 survivors (2048K)
 Metaspace       used 93838K, committed 94592K, reserved 1130496K
  class space    used 12790K, committed 13120K, reserved 1048576K
}
Event: 279.736 GC heap before
{Heap before GC invocations=72 (full 0):
 garbage-first heap   total 286720K, used 237111K [0x0000000080000000, 0x0000000100000000)
  region size 1024K, 66 young (67584K), 2 survivors (2048K)
 Metaspace       used 93847K, committed 94592K, reserved 1130496K
  class space    used 12790K, committed 13120K, reserved 1048576K
}
Event: 279.744 GC heap after
{Heap after GC invocations=73 (full 0):
 garbage-first heap   total 286720K, used 174478K [0x0000000080000000, 0x0000000100000000)
  region size 1024K, 5 young (5120K), 5 survivors (5120K)
 Metaspace       used 93847K, committed 94592K, reserved 1130496K
  class space    used 12790K, committed 13120K, reserved 1048576K
}
Event: 305.648 GC heap before
{Heap before GC invocations=74 (full 0):
 garbage-first heap   total 295936K, used 238990K [0x0000000080000000, 0x0000000100000000)
  region size 1024K, 68 young (69632K), 5 survivors (5120K)
 Metaspace       used 93891K, committed 94592K, reserved 1130496K
  class space    used 12791K, committed 13120K, reserved 1048576K
}
Event: 305.663 GC heap after
{Heap after GC invocations=75 (full 0):
 garbage-first heap   total 295936K, used 172388K [0x0000000080000000, 0x0000000100000000)
  region size 1024K, 3 young (3072K), 3 survivors (3072K)
 Metaspace       used 93891K, committed 94592K, reserved 1130496K
  class space    used 12791K, committed 13120K, reserved 1048576K
}
Event: 312.653 GC heap before
{Heap before GC invocations=75 (full 0):
 garbage-first heap   total 295936K, used 183652K [0x0000000080000000, 0x0000000100000000)
  region size 1024K, 14 young (14336K), 3 survivors (3072K)
 Metaspace       used 93906K, committed 94656K, reserved 1130496K
  class space    used 12791K, committed 13120K, reserved 1048576K
}
Event: 312.663 GC heap after
{Heap after GC invocations=76 (full 0):
 garbage-first heap   total 295936K, used 170975K [0x0000000080000000, 0x0000000100000000)
  region size 1024K, 1 young (1024K), 1 survivors (1024K)
 Metaspace       used 93906K, committed 94656K, reserved 1130496K
  class space    used 12791K, committed 13120K, reserved 1048576K
}
Event: 350.938 GC heap before
{Heap before GC invocations=76 (full 0):
 garbage-first heap   total 295936K, used 249823K [0x0000000080000000, 0x0000000100000000)
  region size 1024K, 78 young (79872K), 1 survivors (1024K)
 Metaspace       used 93913K, committed 94656K, reserved 1130496K
  class space    used 12791K, committed 13120K, reserved 1048576K
}
Event: 350.952 GC heap after
{Heap after GC invocations=77 (full 0):
 garbage-first heap   total 295936K, used 174446K [0x0000000080000000, 0x0000000100000000)
  region size 1024K, 5 young (5120K), 5 survivors (5120K)
 Metaspace       used 93913K, committed 94656K, reserved 1130496K
  class space    used 12791K, committed 13120K, reserved 1048576K
}

